mode: set
github.com/adlio/harvest/day_entry.go:28.81,33.2 4 1
github.com/adlio/harvest/task-assignment.go:24.114,28.45 4 1
github.com/adlio/harvest/task-assignment.go:31.2,31.29 1 1
github.com/adlio/harvest/task-assignment.go:28.45,30.3 1 1
github.com/adlio/harvest/api.go:22.61,30.2 7 1
github.com/adlio/harvest/api.go:32.74,37.16 4 1
github.com/adlio/harvest/api.go:41.2,42.16 2 1
github.com/adlio/harvest/api.go:45.2,46.28 2 1
github.com/adlio/harvest/api.go:52.2,54.16 3 1
github.com/adlio/harvest/api.go:59.2,59.12 1 1
github.com/adlio/harvest/api.go:37.16,39.3 1 0
github.com/adlio/harvest/api.go:42.16,44.3 1 0
github.com/adlio/harvest/api.go:46.28,50.3 3 0
github.com/adlio/harvest/api.go:54.16,57.3 2 0
github.com/adlio/harvest/project.go:40.89,45.2 4 1
github.com/adlio/harvest/project.go:47.76,52.38 5 1
github.com/adlio/harvest/project.go:55.2,55.22 1 1
github.com/adlio/harvest/project.go:52.38,54.3 1 1
github.com/adlio/harvest/arguments.go:14.27,16.2 1 1
github.com/adlio/harvest/arguments.go:18.48,20.31 2 1
github.com/adlio/harvest/arguments.go:23.2,23.10 1 1
github.com/adlio/harvest/arguments.go:20.31,22.3 1 0
